<?xml version="1.0" encoding="UTF-8"?>
<testng-results ignored="0" total="1" passed="1" failed="0" skipped="0">
  <reporter-output>
  </reporter-output>
  <suite started-at="2022-03-07T10:30:57 IST" name="Default suite" finished-at="2022-03-07T10:31:25 IST" duration-ms="27938">
    <groups>
    </groups>
    <test started-at="2022-03-07T10:30:57 IST" name="Default test" finished-at="2022-03-07T10:31:25 IST" duration-ms="27938">
      <class name="com.mycompany.app.JavaScriptExecuter">
        <test-method is-config="true" signature="openBrowser()[pri:0, instance:com.mycompany.app.JavaScriptExecuter@c267ef4]" started-at="2022-03-07T10:30:57 IST" name="openBrowser" finished-at="2022-03-07T10:31:06 IST" duration-ms="9058" status="PASS">
          <reporter-output>
          </reporter-output>
        </test-method> <!-- openBrowser -->
        <test-method signature="JsExecuter()[pri:0, instance:com.mycompany.app.JavaScriptExecuter@c267ef4]" started-at="2022-03-07T10:31:06 IST" name="JsExecuter" finished-at="2022-03-07T10:31:25 IST" duration-ms="18740" status="PASS">
          <reporter-output>
          </reporter-output>
        </test-method> <!-- JsExecuter -->
      </class> <!-- com.mycompany.app.JavaScriptExecuter -->
    </test> <!-- Default test -->
  </suite> <!-- Default suite -->
</testng-results>
